<?xml version="1.0" encoding="UTF-8"?>
<testng-results skipped="0" failed="0" ignored="0" total="1" passed="1">
  <reporter-output>
    <line>
      <![CDATA[User Logged into application Successfully]]>
    </line>
    <line>
      <![CDATA[User searched product Successfully]]>
    </line>
    <line>
      <![CDATA[Cart count is: 1]]>
    </line>
    <line>
      <![CDATA[User added 1 product to the cart Successfully]]>
    </line>
    <line>
      <![CDATA[Title of the page: Your cart]]>
    </line>
    <line>
      <![CDATA[Added Product Details: Round Neck Shirt 16]]>
    </line>
    <line>
      <![CDATA[Product Price is: Rs. 1,338.61]]>
    </line>
    <line>
      <![CDATA[Product Quantity: 1]]>
    </line>
    <line>
      <![CDATA[Product Total is: Rs. 1,338.61]]>
    </line>
    <line>
      <![CDATA[Sub Total is: Rs. 1,338.61]]>
    </line>
  </reporter-output>
  <suite name="Suite" duration-ms="21330" started-at="2020-04-29T11:53:19Z" finished-at="2020-04-29T11:53:40Z">
    <groups>
      <group name="cucumber">
        <method signature="AbstractTestNGCucumberTests.feature(cucumber.api.testng.CucumberFeatureWrapper)[pri:0, instance:cucumberOptions.TestRunnerNG@6cc4c815]" name="feature" class="cucumber.api.testng.AbstractTestNGCucumberTests"/>
      </group> <!-- cucumber -->
    </groups>
    <test name="Functional Test" duration-ms="21330" started-at="2020-04-29T11:53:19Z" finished-at="2020-04-29T11:53:40Z">
      <class name="cucumberOptions.TestRunnerNG">
        <test-method status="PASS" signature="setUpClass()[pri:0, instance:cucumberOptions.TestRunnerNG@6cc4c815]" name="setUpClass" is-config="true" duration-ms="598" started-at="2020-04-29T11:53:19Z" finished-at="2020-04-29T11:53:19Z">
          <reporter-output>
          </reporter-output>
        </test-method> <!-- setUpClass -->
        <test-method status="PASS" signature="feature(cucumber.api.testng.CucumberFeatureWrapper)[pri:0, instance:cucumberOptions.TestRunnerNG@6cc4c815]" name="feature" duration-ms="20543" started-at="2020-04-29T11:53:19Z" description="Runs Cucumber Feature" data-provider="features" finished-at="2020-04-29T11:53:40Z">
          <params>
            <param index="0">
              <value>
                <![CDATA[To add products to the Cart and Validate the Cart and Price]]>
              </value>
            </param>
          </params>
          <reporter-output>
            <line>
              <![CDATA[User Logged into application Successfully]]>
            </line>
            <line>
              <![CDATA[User searched product Successfully]]>
            </line>
            <line>
              <![CDATA[Cart count is: 1]]>
            </line>
            <line>
              <![CDATA[User added 1 product to the cart Successfully]]>
            </line>
            <line>
              <![CDATA[Title of the page: Your cart]]>
            </line>
            <line>
              <![CDATA[Added Product Details: Round Neck Shirt 16]]>
            </line>
            <line>
              <![CDATA[Product Price is: Rs. 1,338.61]]>
            </line>
            <line>
              <![CDATA[Product Quantity: 1]]>
            </line>
            <line>
              <![CDATA[Product Total is: Rs. 1,338.61]]>
            </line>
            <line>
              <![CDATA[Sub Total is: Rs. 1,338.61]]>
            </line>
          </reporter-output>
        </test-method> <!-- feature -->
        <test-method status="PASS" signature="tearDownClass()[pri:0, instance:cucumberOptions.TestRunnerNG@6cc4c815]" name="tearDownClass" is-config="true" duration-ms="8" started-at="2020-04-29T11:53:40Z" finished-at="2020-04-29T11:53:40Z">
          <reporter-output>
          </reporter-output>
        </test-method> <!-- tearDownClass -->
      </class> <!-- cucumberOptions.TestRunnerNG -->
    </test> <!-- Functional Test -->
  </suite> <!-- Suite -->
</testng-results>
